<?xml version="1.0" encoding="UTF-8"?>
<!-- Generated by org.testng.reporters.JUnitReportReporter -->
<testsuite name="start.Runner" tests="1" time="45.195" ignored="0" failures="0" timestamp="16 Sep 2018 07:06:59 GMT" skipped="0" hostname="DESKTOP-QVN8MR5" errors="0">
  <testcase name="feature" time="45.195" classname="start.Runner"/>
</testsuite> <!-- start.Runner -->
