<?xml version="1.0" encoding="UTF-8"?>
<!-- Generated by org.testng.reporters.JUnitReportReporter -->
<testsuite name="start.Runner" tests="1" time="36.474" ignored="0" failures="0" timestamp="14 Sep 2018 13:28:24 GMT" skipped="0" hostname="DESKTOP-QVN8MR5" errors="0">
  <testcase name="feature" time="36.474" classname="start.Runner"/>
</testsuite> <!-- start.Runner -->
